# JRE version: OpenJDK Runtime Environment (14.0.2+12) (build 14.0.2+12-46)
# Java VM: OpenJDK 64-Bit Server VM (14.0.2+12-46, mixed mode, tiered, compressed oops, g1 gc, windows-amd64)
Heap:
 garbage-first heap   total 220160K, used 10518K [0x0000000082200000, 0x0000000100000000)
  region size 1024K, 7 young (7168K), 7 survivors (7168K)
 Metaspace       used 5050K, capacity 5151K, committed 5376K, reserved 1056768K
  class space    used 400K, capacity 433K, committed 512K, reserved 1048576K
GC Heap History (9 events):
Event: 0.227 GC heap before
{Heap before GC invocations=0 (full 0):
 garbage-first heap   total 129024K, used 23552K [0x0000000082200000, 0x0000000100000000)
  region size 1024K, 23 young (23552K), 0 survivors (0K)
 Metaspace       used 5011K, capacity 5151K, committed 5376K, reserved 1056768K
  class space    used 400K, capacity 433K, committed 512K, reserved 1048576K
}
Event: 0.232 GC heap after
{Heap after GC invocations=1 (full 0):
 garbage-first heap   total 129024K, used 1365K [0x0000000082200000, 0x0000000100000000)
  region size 1024K, 2 young (2048K), 2 survivors (2048K)
 Metaspace       used 5011K, capacity 5151K, committed 5376K, reserved 1056768K
  class space    used 400K, capacity 433K, committed 512K, reserved 1048576K
}
Event: 0.287 GC heap before
{Heap before GC invocations=1 (full 0):
 garbage-first heap   total 129024K, used 36181K [0x0000000082200000, 0x0000000100000000)
  region size 1024K, 36 young (36864K), 2 survivors (2048K)
 Metaspace       used 5013K, capacity 5151K, committed 5376K, reserved 1056768K
  class space    used 400K, capacity 433K, committed 512K, reserved 1048576K
}
Event: 0.291 GC heap after
{Heap after GC invocations=2 (full 0):
 garbage-first heap   total 129024K, used 2605K [0x0000000082200000, 0x0000000100000000)
  region size 1024K, 3 young (3072K), 3 survivors (3072K)
 Metaspace       used 5013K, capacity 5151K, committed 5376K, reserved 1056768K
  class space    used 400K, capacity 433K, committed 512K, reserved 1048576K
}
Event: 0.357 GC heap before
{Heap before GC invocations=2 (full 0):
 garbage-first heap   total 129024K, used 76333K [0x0000000082200000, 0x0000000100000000)
  region size 1024K, 75 young (76800K), 3 survivors (3072K)
 Metaspace       used 5028K, capacity 5151K, committed 5376K, reserved 1056768K
  class space    used 400K, capacity 433K, committed 512K, reserved 1048576K
}
Event: 0.363 GC heap after
{Heap after GC invocations=3 (full 0):
 garbage-first heap   total 129024K, used 5120K [0x0000000082200000, 0x0000000100000000)
  region size 1024K, 5 young (5120K), 5 survivors (5120K)
 Metaspace       used 5028K, capacity 5151K, committed 5376K, reserved 1056768K
  class space    used 400K, capacity 433K, committed 512K, reserved 1048576K
}
Event: 0.395 GC heap before
{Heap before GC invocations=3 (full 0):
 garbage-first heap   total 129024K, used 77824K [0x0000000082200000, 0x0000000100000000)
  region size 1024K, 75 young (76800K), 5 survivors (5120K)
 Metaspace       used 5039K, capacity 5151K, committed 5376K, reserved 1056768K
  class space    used 400K, capacity 433K, committed 512K, reserved 1048576K
}
Event: 0.403 GC heap after
{Heap after GC invocations=4 (full 0):
 garbage-first heap   total 129024K, used 7938K [0x0000000082200000, 0x0000000100000000)
  region size 1024K, 7 young (7168K), 7 survivors (7168K)
 Metaspace       used 5039K, capacity 5151K, committed 5376K, reserved 1056768K
  class space    used 400K, capacity 433K, committed 512K, reserved 1048576K
}
Event: 0.433 GC heap before
{Heap before GC invocations=4 (full 0):
 garbage-first heap   total 129024K, used 77570K [0x0000000082200000, 0x0000000100000000)
  region size 1024K, 75 young (76800K), 7 survivors (7168K)
 Metaspace       used 5050K, capacity 5151K, committed 5376K, reserved 1056768K
  class space    used 400K, capacity 433K, committed 512K, reserved 1048576K
}

